<?xml version="1.0" encoding="UTF-8"?>
<!-- Generated by org.testng.reporters.JUnitReportReporter -->
<testsuite hostname="DESKTOP-64BULFN" failures="0" tests="1" name="functionalTesting.GetRequestAutomation" time="1.734" errors="0" timestamp="2023-11-22T11:38:05 IST" skipped="0">
  <testcase classname="functionalTesting.GetRequestAutomation" name="getRequestAutomation" time="1.734"/>
</testsuite> <!-- functionalTesting.GetRequestAutomation -->
