<?xml version="1.0" encoding="UTF-8"?>
<!-- Generated by org.testng.reporters.JUnitReportReporter -->
<testsuite hostname="DESKTOP-64BULFN" failures="0" tests="1" name="studentAPITest.PostAPITest" time="1.084" errors="0" timestamp="2023-12-11T13:16:24 IST" skipped="0">
  <testcase classname="studentAPITest.PostAPITest" name="validPostAPITest" time="1.084"/>
</testsuite> <!-- studentAPITest.PostAPITest -->
