<?xml version="1.0" encoding="UTF-8"?>
<!-- Generated by org.testng.reporters.JUnitReportReporter -->
<testsuite hostname="DESKTOP-64BULFN" failures="0" tests="1" name="baseTest.BaseTest" time="0.024" errors="0" timestamp="2023-12-07T11:57:27 IST" skipped="0">
  <testcase classname="baseTest.BaseTest" name="utilsTest" time="0.024"/>
</testsuite> <!-- baseTest.BaseTest -->
