<?xml version="1.0" encoding="UTF-8"?>
<!-- Generated by org.testng.reporters.JUnitReportReporter -->
<testsuite hostname="DESKTOP-64BULFN" failures="0" tests="1" name="studentAPITest.GetAPITests" time="1.058" errors="0" timestamp="2023-12-08T13:34:09 IST" skipped="0">
  <testcase classname="studentAPITest.GetAPITests" name="getAPITests" time="1.058"/>
</testsuite> <!-- studentAPITest.GetAPITests -->
