<?xml version="1.0" encoding="UTF-8"?>
<!-- Generated by org.testng.reporters.JUnitReportReporter -->
<testsuite hostname="DESKTOP-64BULFN" failures="0" tests="1" name="functionalTesting.PostRequestAutomation" time="1.886" errors="0" timestamp="2023-11-22T12:53:51 IST" skipped="0">
  <testcase classname="functionalTesting.PostRequestAutomation" name="postApiAutomation" time="1.886"/>
</testsuite> <!-- functionalTesting.PostRequestAutomation -->
